<?xml version="1.0" encoding="UTF-8"?>
<!-- Generated by org.testng.reporters.JUnitReportReporter -->
<testsuite hostname="DESKTOP-UBJL9G9" failures="0" tests="1" name="EzyBill.Products.AddNewCategoryTest" time="7.904" errors="0" timestamp="2023-09-29T16:50:29 IST" skipped="0">
  <testcase classname="EzyBill.Products.AddNewCategoryTest" name="test" time="7.904"/>
</testsuite> <!-- EzyBill.Products.AddNewCategoryTest -->
