<?xml version="1.0" encoding="UTF-8"?>
<!-- Generated by org.testng.reporters.JUnitReportReporter -->
<testsuite hostname="DESKTOP-UBJL9G9" failures="0" tests="1" name="EzyBill.STB.BulkSTBTransferTest" time="14.089" errors="0" timestamp="2023-12-06T10:19:25 IST" skipped="0">
  <testcase classname="EzyBill.STB.BulkSTBTransferTest" name="test" time="14.089"/>
</testsuite> <!-- EzyBill.STB.BulkSTBTransferTest -->
