<?xml version="1.0" encoding="UTF-8"?>
<!-- Generated by org.testng.reporters.JUnitReportReporter -->
<testsuite hostname="DESKTOP-NQLEQ6R" failures="0" tests="1" name="EzyBill.STB.BulkOperationreact" time="22.530" errors="0" timestamp="2024-01-22T09:38:32 IST" skipped="0">
  <testcase classname="EzyBill.STB.BulkOperationreact" name="test" time="22.530"/>
  <system-out/>
</testsuite> <!-- EzyBill.STB.BulkOperationreact -->
