<?xml version="1.0" encoding="UTF-8"?>
<!-- Generated by org.testng.reporters.JUnitReportReporter -->
<testsuite hostname="DESKTOP-UBJL9G9" failures="0" tests="1" name="EzyBill.Password.ChangePasswordTest" time="43.014" errors="0" timestamp="2023-11-29T15:24:01 IST" skipped="0">
  <testcase classname="EzyBill.Password.ChangePasswordTest" name="adminPassword" time="43.014"/>
</testsuite> <!-- EzyBill.Password.ChangePasswordTest -->
