<?xml version="1.0" encoding="UTF-8"?>
<!-- Generated by org.testng.reporters.JUnitReportReporter -->
<testsuite hostname="DESKTOP-UBJL9G9" failures="0" tests="1" name="EzyBill.Users.BulkProductEdit" time="14.090" errors="0" timestamp="2023-12-09T15:51:26 IST" skipped="0">
  <testcase classname="EzyBill.Users.BulkProductEdit" name="test" time="14.090"/>
</testsuite> <!-- EzyBill.Users.BulkProductEdit -->
