<?xml version="1.0" encoding="UTF-8"?>
<!-- Generated by org.testng.reporters.JUnitReportReporter -->
<testsuite hostname="DESKTOP-UBJL9G9" failures="0" tests="1" name="EzyBill.STB.StbReplacementTest" time="7.584" errors="0" timestamp="2023-10-09T10:27:37 IST" skipped="0">
  <testcase classname="EzyBill.STB.StbReplacementTest" name="test" time="7.584"/>
</testsuite> <!-- EzyBill.STB.StbReplacementTest -->
