<?xml version="1.0" encoding="UTF-8"?>
<!-- Generated by org.testng.reporters.JUnitReportReporter -->
<testsuite hostname="DESKTOP-UBJL9G9" failures="0" tests="1" name="EzyBill.Users.BulkProductUnmappingTest" time="10.872" errors="0" timestamp="2023-12-11T14:59:44 IST" skipped="0">
  <testcase classname="EzyBill.Users.BulkProductUnmappingTest" name="test" time="10.872"/>
</testsuite> <!-- EzyBill.Users.BulkProductUnmappingTest -->
