<?xml version="1.0" encoding="UTF-8"?>
<!-- Generated by org.testng.reporters.JUnitReportReporter -->
<testsuite hostname="DESKTOP-UBJL9G9" failures="0" tests="1" name="EzyBill.Password.ChangePassword" time="38.956" errors="0" timestamp="2023-11-27T18:03:44 IST" skipped="0">
  <testcase classname="EzyBill.Password.ChangePassword" name="test" time="38.956"/>
</testsuite> <!-- EzyBill.Password.ChangePassword -->
