<?xml version="1.0" encoding="UTF-8"?>
<!-- Generated by org.testng.reporters.JUnitReportReporter -->
<testsuite hostname="DESKTOP-UBJL9G9" failures="0" tests="1" name="EzyBill.STB.CreateAndTransferStbTest" time="23.181" errors="0" timestamp="2023-08-21T10:00:46 IST" skipped="0">
  <testcase classname="EzyBill.STB.CreateAndTransferStbTest" name="test" time="23.181"/>
</testsuite> <!-- EzyBill.STB.CreateAndTransferStbTest -->
