<?xml version="1.0" encoding="UTF-8"?>
<!-- Generated by org.testng.reporters.JUnitReportReporter -->
<testsuite hostname="DESKTOP-UBJL9G9" failures="0" tests="1" name="EzyBill.Channels.CreateBroadcasterTest" time="45.367" errors="0" timestamp="2023-10-10T15:45:58 IST" skipped="0">
  <testcase classname="EzyBill.Channels.CreateBroadcasterTest" name="test" time="45.367"/>
</testsuite> <!-- EzyBill.Channels.CreateBroadcasterTest -->
