<?xml version="1.0" encoding="UTF-8"?>
<!-- Generated by org.testng.reporters.JUnitReportReporter -->
<testsuite hostname="DESKTOP-UBJL9G9" failures="0" tests="1" name="EzyBill.STB.CreateBulkSTBTest" time="28.554" errors="0" timestamp="2023-12-07T19:01:59 IST" skipped="0">
  <testcase classname="EzyBill.STB.CreateBulkSTBTest" name="test" time="28.554"/>
</testsuite> <!-- EzyBill.STB.CreateBulkSTBTest -->
