<?xml version="1.0" encoding="UTF-8"?>
<!-- Generated by org.testng.reporters.JUnitReportReporter -->
<testsuite hostname="DESKTOP-UBJL9G9" failures="0" tests="1" name="EzyBill.Users.BulkProductMappingTest" time="5.997" errors="0" timestamp="2023-12-11T15:00:36 IST" skipped="0">
  <testcase classname="EzyBill.Users.BulkProductMappingTest" name="test" time="5.997"/>
</testsuite> <!-- EzyBill.Users.BulkProductMappingTest -->
