<?xml version="1.0" encoding="UTF-8"?>
<!-- Generated by org.testng.reporters.JUnitReportReporter -->
<testsuite hostname="DESKTOP-UBJL9G9" failures="0" tests="1" name="EzyBill.STB.BulkSTBReplacementTest" time="42.640" errors="0" timestamp="2023-12-09T11:32:26 IST" skipped="0">
  <testcase classname="EzyBill.STB.BulkSTBReplacementTest" name="test" time="42.640"/>
</testsuite> <!-- EzyBill.STB.BulkSTBReplacementTest -->
